Arguments: 
  /usr/local/bin/node /usr/local/bin/yarn add tsnode

PATH: 
  /usr/local/opt/mysql@5.7/bin:/usr/local/bin:/usr/bin:/bin:/usr/sbin:/sbin:/Library/Apple/usr/bin:/Applications/Postgres.app/Contents/Versions/latest/bin:/usr/local/opt/mysql@5.7/bin:/path/to/elixir/bin:/path/to/elixir/bin

Yarn version: 
  1.19.0

Node version: 
  10.16.3

Platform: 
  darwin x64

Trace: 
  Error: https://registry.yarnpkg.com/tsnode: Not found
      at Request.params.callback [as _callback] (/Users/zebra/.config/yarn/global/node_modules/yarn/lib/cli.js:66918:18)
      at Request.self.callback (/Users/zebra/.config/yarn/global/node_modules/yarn/lib/cli.js:140539:22)
      at Request.emit (events.js:198:13)
      at Request.<anonymous> (/Users/zebra/.config/yarn/global/node_modules/yarn/lib/cli.js:141511:10)
      at Request.emit (events.js:198:13)
      at IncomingMessage.<anonymous> (/Users/zebra/.config/yarn/global/node_modules/yarn/lib/cli.js:141433:12)
      at Object.onceWrapper (events.js:286:20)
      at IncomingMessage.emit (events.js:203:15)
      at endReadableNT (_stream_readable.js:1145:12)
      at process._tickCallback (internal/process/next_tick.js:63:19)

npm manifest: 
  {
    "name": "studying-n-things",
    "version": "1.0.0",
    "main": "index.js",
    "repository": "git@github.com:opensourcekam/algo-ds.git",
    "author": "Kameron Robinson <kamdroidr@me.com>",
    "license": "MIT"
  }

yarn manifest: 
  No manifest

Lockfile: 
  No lockfile
